<?xml version="1.0" encoding="UTF-8"?>
<coverage generated="1660610404772" clover="3.2.0">
  <project timestamp="1660610404772" name="All files">
    <metrics statements="67" coveredstatements="67" conditionals="57" coveredconditionals="57" methods="27" coveredmethods="27" elements="151" coveredelements="151" complexity="0" loc="67" ncloc="67" packages="1" files="2" classes="2"/>
    <file name="Store.js" path="/home/raimundo/Documents/thesis/edition/ldod-mfes/shell/shared/store/src/Store.js">
      <metrics statements="36" coveredstatements="36" conditionals="35" coveredconditionals="35" methods="14" coveredmethods="14"/>
      <line num="14" count="38" type="cond" truecount="4" falsecount="0"/>
      <line num="15" count="38" type="stmt"/>
      <line num="16" count="38" type="stmt"/>
      <line num="17" count="38" type="stmt"/>
      <line num="18" count="38" type="cond" truecount="4" falsecount="0"/>
      <line num="19" count="9" type="stmt"/>
      <line num="20" count="9" type="stmt"/>
      <line num="21" count="9" type="cond" truecount="2" falsecount="0"/>
      <line num="28" count="17" type="cond" truecount="2" falsecount="0"/>
      <line num="29" count="9" type="cond" truecount="2" falsecount="0"/>
      <line num="30" count="1" type="stmt"/>
      <line num="32" count="8" type="stmt"/>
      <line num="34" count="9" type="stmt"/>
      <line num="38" count="8" type="stmt"/>
      <line num="39" count="8" type="stmt"/>
      <line num="43" count="1" type="stmt"/>
      <line num="44" count="1" type="stmt"/>
      <line num="48" count="17" type="cond" truecount="2" falsecount="0"/>
      <line num="52" count="33" type="cond" truecount="2" falsecount="0"/>
      <line num="53" count="32" type="stmt"/>
      <line num="55" count="32" type="stmt"/>
      <line num="57" count="32" type="cond" truecount="2" falsecount="0"/>
      <line num="58" count="29" type="stmt"/>
      <line num="59" count="29" type="cond" truecount="2" falsecount="0"/>
      <line num="61" count="29" type="cond" truecount="4" falsecount="0"/>
      <line num="62" count="4" type="stmt"/>
      <line num="67" count="29" type="stmt"/>
      <line num="68" count="32" type="stmt"/>
      <line num="71" count="9" type="stmt"/>
      <line num="75" count="29" type="stmt"/>
      <line num="76" count="6" type="stmt"/>
      <line num="82" count="32" type="cond" truecount="2" falsecount="0"/>
      <line num="84" count="5" type="stmt"/>
      <line num="85" count="5" type="cond" truecount="2" falsecount="0"/>
      <line num="91" count="32" type="stmt"/>
      <line num="95" count="32" type="stmt"/>
    </file>
    <file name="utils.js" path="/home/raimundo/Documents/thesis/edition/ldod-mfes/shell/shared/store/src/utils.js">
      <metrics statements="31" coveredstatements="31" conditionals="22" coveredconditionals="22" methods="13" coveredmethods="13"/>
      <line num="1" count="3" type="stmt"/>
      <line num="2" count="10" type="stmt"/>
      <line num="3" count="10" type="cond" truecount="2" falsecount="0"/>
      <line num="6" count="3" type="stmt"/>
      <line num="7" count="18" type="stmt"/>
      <line num="8" count="26" type="cond" truecount="2" falsecount="0"/>
      <line num="9" count="26" type="stmt"/>
      <line num="12" count="3" type="stmt"/>
      <line num="13" count="9" type="stmt"/>
      <line num="14" count="9" type="cond" truecount="2" falsecount="0"/>
      <line num="15" count="3" type="stmt"/>
      <line num="18" count="3" type="stmt"/>
      <line num="19" count="10" type="stmt"/>
      <line num="21" count="10" type="stmt"/>
      <line num="23" count="3" type="stmt"/>
      <line num="24" count="10" type="stmt"/>
      <line num="25" count="10" type="cond" truecount="2" falsecount="0"/>
      <line num="26" count="14" type="stmt"/>
      <line num="27" count="10" type="stmt"/>
      <line num="28" count="10" type="stmt"/>
      <line num="31" count="3" type="stmt"/>
      <line num="32" count="62" type="cond" truecount="2" falsecount="0"/>
      <line num="33" count="103" type="cond" truecount="2" falsecount="0"/>
      <line num="34" count="40" type="stmt"/>
      <line num="36" count="40" type="cond" truecount="2" falsecount="0"/>
      <line num="40" count="21" type="stmt"/>
      <line num="42" count="19" type="stmt"/>
      <line num="43" count="22" type="stmt"/>
      <line num="44" count="22" type="cond" truecount="2" falsecount="0"/>
      <line num="45" count="1" type="cond" truecount="2" falsecount="0"/>
      <line num="46" count="21" type="cond" truecount="2" falsecount="0"/>
    </file>
  </project>
</coverage>
