{"/home/raimundo/Documents/thesis/edition/ldod-mfes/shell/shared/store/src/Store.js": {"path":"/home/raimundo/Documents/thesis/edition/ldod-mfes/shell/shared/store/src/Store.js","statementMap":{"0":{"start":{"line":14,"column":4},"end":{"line":14,"column":77}},"1":{"start":{"line":15,"column":4},"end":{"line":15,"column":42}},"2":{"start":{"line":16,"column":4},"end":{"line":16,"column":32}},"3":{"start":{"line":17,"column":4},"end":{"line":17,"column":30}},"4":{"start":{"line":18,"column":4},"end":{"line":24,"column":5}},"5":{"start":{"line":19,"column":6},"end":{"line":19,"column":44}},"6":{"start":{"line":20,"column":22},"end":{"line":20,"column":58}},"7":{"start":{"line":21,"column":6},"end":{"line":23,"column":80}},"8":{"start":{"line":28,"column":4},"end":{"line":28,"column":54}},"9":{"start":{"line":28,"column":19},"end":{"line":28,"column":54}},"10":{"start":{"line":29,"column":4},"end":{"line":33,"column":5}},"11":{"start":{"line":30,"column":6},"end":{"line":30,"column":60}},"12":{"start":{"line":32,"column":6},"end":{"line":32,"column":67}},"13":{"start":{"line":34,"column":4},"end":{"line":34,"column":74}},"14":{"start":{"line":34,"column":17},"end":{"line":34,"column":73}},"15":{"start":{"line":38,"column":4},"end":{"line":38,"column":34}},"16":{"start":{"line":39,"column":4},"end":{"line":39,"column":50}},"17":{"start":{"line":39,"column":17},"end":{"line":39,"column":49}},"18":{"start":{"line":43,"column":4},"end":{"line":43,"column":38}},"19":{"start":{"line":44,"column":4},"end":{"line":44,"column":28}},"20":{"start":{"line":48,"column":4},"end":{"line":48,"column":58}},"21":{"start":{"line":52,"column":4},"end":{"line":52,"column":23}},"22":{"start":{"line":52,"column":16},"end":{"line":52,"column":23}},"23":{"start":{"line":53,"column":4},"end":{"line":53,"column":34}},"24":{"start":{"line":55,"column":22},"end":{"line":55,"column":59}},"25":{"start":{"line":57,"column":4},"end":{"line":78,"column":5}},"26":{"start":{"line":58,"column":28},"end":{"line":58,"column":39}},"27":{"start":{"line":59,"column":6},"end":{"line":59,"column":75}},"28":{"start":{"line":61,"column":6},"end":{"line":65,"column":10}},"29":{"start":{"line":62,"column":8},"end":{"line":65,"column":10}},"30":{"start":{"line":67,"column":6},"end":{"line":73,"column":9}},"31":{"start":{"line":68,"column":8},"end":{"line":72,"column":12}},"32":{"start":{"line":71,"column":12},"end":{"line":71,"column":58}},"33":{"start":{"line":75,"column":6},"end":{"line":77,"column":8}},"34":{"start":{"line":76,"column":8},"end":{"line":76,"column":44}},"35":{"start":{"line":82,"column":4},"end":{"line":87,"column":14}},"36":{"start":{"line":84,"column":25},"end":{"line":84,"column":43}},"37":{"start":{"line":85,"column":10},"end":{"line":85,"column":41}},"38":{"start":{"line":91,"column":2},"end":{"line":94,"column":18}},"39":{"start":{"line":95,"column":2},"end":{"line":95,"column":15}}},"fnMap":{"0":{"name":"(anonymous_0)","decl":{"start":{"line":13,"column":2},"end":{"line":13,"column":3}},"loc":{"start":{"line":13,"column":49},"end":{"line":25,"column":3}},"line":13},"1":{"name":"(anonymous_1)","decl":{"start":{"line":27,"column":2},"end":{"line":27,"column":3}},"loc":{"start":{"line":27,"column":32},"end":{"line":35,"column":3}},"line":27},"2":{"name":"(anonymous_2)","decl":{"start":{"line":34,"column":11},"end":{"line":34,"column":12}},"loc":{"start":{"line":34,"column":17},"end":{"line":34,"column":73}},"line":34},"3":{"name":"(anonymous_3)","decl":{"start":{"line":37,"column":2},"end":{"line":37,"column":3}},"loc":{"start":{"line":37,"column":25},"end":{"line":40,"column":3}},"line":37},"4":{"name":"(anonymous_4)","decl":{"start":{"line":39,"column":11},"end":{"line":39,"column":12}},"loc":{"start":{"line":39,"column":17},"end":{"line":39,"column":49}},"line":39},"5":{"name":"(anonymous_5)","decl":{"start":{"line":42,"column":2},"end":{"line":42,"column":3}},"loc":{"start":{"line":42,"column":12},"end":{"line":45,"column":3}},"line":42},"6":{"name":"(anonymous_6)","decl":{"start":{"line":47,"column":2},"end":{"line":47,"column":3}},"loc":{"start":{"line":47,"column":21},"end":{"line":49,"column":3}},"line":47},"7":{"name":"(anonymous_7)","decl":{"start":{"line":51,"column":2},"end":{"line":51,"column":3}},"loc":{"start":{"line":51,"column":27},"end":{"line":79,"column":3}},"line":51},"8":{"name":"(anonymous_8)","decl":{"start":{"line":67,"column":37},"end":{"line":67,"column":38}},"loc":{"start":{"line":67,"column":46},"end":{"line":73,"column":7}},"line":67},"9":{"name":"(anonymous_9)","decl":{"start":{"line":70,"column":20},"end":{"line":70,"column":21}},"loc":{"start":{"line":71,"column":12},"end":{"line":71,"column":58}},"line":71},"10":{"name":"(anonymous_10)","decl":{"start":{"line":75,"column":30},"end":{"line":75,"column":31}},"loc":{"start":{"line":76,"column":8},"end":{"line":76,"column":44}},"line":76},"11":{"name":"(anonymous_11)","decl":{"start":{"line":81,"column":2},"end":{"line":81,"column":3}},"loc":{"start":{"line":81,"column":35},"end":{"line":88,"column":3}},"line":81},"12":{"name":"(anonymous_12)","decl":{"start":{"line":83,"column":9},"end":{"line":83,"column":10}},"loc":{"start":{"line":83,"column":15},"end":{"line":86,"column":9}},"line":83},"13":{"name":"checkStateType","decl":{"start":{"line":90,"column":9},"end":{"line":90,"column":23}},"loc":{"start":{"line":90,"column":31},"end":{"line":96,"column":1}},"line":90}},"branchMap":{"0":{"loc":{"start":{"line":13,"column":21},"end":{"line":13,"column":47}},"type":"default-arg","locations":[{"start":{"line":13,"column":45},"end":{"line":13,"column":47}}],"line":13},"1":{"loc":{"start":{"line":14,"column":18},"end":{"line":14,"column":76}},"type":"cond-expr","locations":[{"start":{"line":14,"column":46},"end":{"line":14,"column":51}},{"start":{"line":14,"column":54},"end":{"line":14,"column":76}}],"line":14},"2":{"loc":{"start":{"line":14,"column":54},"end":{"line":14,"column":76}},"type":"cond-expr","locations":[{"start":{"line":14,"column":62},"end":{"line":14,"column":71}},{"start":{"line":14,"column":74},"end":{"line":14,"column":76}}],"line":14},"3":{"loc":{"start":{"line":18,"column":4},"end":{"line":24,"column":5}},"type":"if","locations":[{"start":{"line":18,"column":4},"end":{"line":24,"column":5}},{"start":{},"end":{}}],"line":18},"4":{"loc":{"start":{"line":18,"column":8},"end":{"line":18,"column":27}},"type":"binary-expr","locations":[{"start":{"line":18,"column":8},"end":{"line":18,"column":19}},{"start":{"line":18,"column":23},"end":{"line":18,"column":27}}],"line":18},"5":{"loc":{"start":{"line":21,"column":6},"end":{"line":23,"column":79}},"type":"cond-expr","locations":[{"start":{"line":22,"column":10},"end":{"line":22,"column":38}},{"start":{"line":23,"column":10},"end":{"line":23,"column":79}}],"line":21},"6":{"loc":{"start":{"line":28,"column":4},"end":{"line":28,"column":54}},"type":"if","locations":[{"start":{"line":28,"column":4},"end":{"line":28,"column":54}},{"start":{},"end":{}}],"line":28},"7":{"loc":{"start":{"line":29,"column":4},"end":{"line":33,"column":5}},"type":"if","locations":[{"start":{"line":29,"column":4},"end":{"line":33,"column":5}},{"start":{"line":31,"column":9},"end":{"line":33,"column":5}}],"line":29},"8":{"loc":{"start":{"line":48,"column":11},"end":{"line":48,"column":57}},"type":"cond-expr","locations":[{"start":{"line":48,"column":22},"end":{"line":48,"column":43}},{"start":{"line":48,"column":46},"end":{"line":48,"column":57}}],"line":48},"9":{"loc":{"start":{"line":52,"column":4},"end":{"line":52,"column":23}},"type":"if","locations":[{"start":{"line":52,"column":4},"end":{"line":52,"column":23}},{"start":{},"end":{}}],"line":52},"10":{"loc":{"start":{"line":57,"column":4},"end":{"line":78,"column":5}},"type":"if","locations":[{"start":{"line":57,"column":4},"end":{"line":78,"column":5}},{"start":{},"end":{}}],"line":57},"11":{"loc":{"start":{"line":59,"column":20},"end":{"line":59,"column":74}},"type":"cond-expr","locations":[{"start":{"line":59,"column":30},"end":{"line":59,"column":39}},{"start":{"line":59,"column":42},"end":{"line":59,"column":74}}],"line":59},"12":{"loc":{"start":{"line":61,"column":6},"end":{"line":65,"column":10}},"type":"if","locations":[{"start":{"line":61,"column":6},"end":{"line":65,"column":10}},{"start":{},"end":{}}],"line":61},"13":{"loc":{"start":{"line":61,"column":10},"end":{"line":61,"column":59}},"type":"binary-expr","locations":[{"start":{"line":61,"column":10},"end":{"line":61,"column":36}},{"start":{"line":61,"column":40},"end":{"line":61,"column":59}}],"line":61},"14":{"loc":{"start":{"line":82,"column":11},"end":{"line":87,"column":13}},"type":"cond-expr","locations":[{"start":{"line":83,"column":8},"end":{"line":86,"column":12}},{"start":{"line":87,"column":8},"end":{"line":87,"column":13}}],"line":82},"15":{"loc":{"start":{"line":85,"column":17},"end":{"line":85,"column":40}},"type":"binary-expr","locations":[{"start":{"line":85,"column":17},"end":{"line":85,"column":25}},{"start":{"line":85,"column":29},"end":{"line":85,"column":40}}],"line":85},"16":{"loc":{"start":{"line":92,"column":4},"end":{"line":94,"column":17}},"type":"cond-expr","locations":[{"start":{"line":93,"column":8},"end":{"line":93,"column":13}},{"start":{"line":94,"column":8},"end":{"line":94,"column":17}}],"line":92},"17":{"loc":{"start":{"line":92,"column":4},"end":{"line":92,"column":60}},"type":"binary-expr","locations":[{"start":{"line":92,"column":4},"end":{"line":92,"column":29}},{"start":{"line":92,"column":33},"end":{"line":92,"column":60}}],"line":92}},"s":{"0":38,"1":38,"2":38,"3":38,"4":38,"5":9,"6":9,"7":9,"8":17,"9":8,"10":9,"11":1,"12":8,"13":9,"14":1,"15":8,"16":8,"17":2,"18":1,"19":1,"20":17,"21":33,"22":1,"23":32,"24":32,"25":32,"26":29,"27":29,"28":29,"29":4,"30":29,"31":32,"32":9,"33":29,"34":6,"35":32,"36":5,"37":5,"38":32,"39":32},"f":{"0":38,"1":17,"2":1,"3":8,"4":2,"5":1,"6":17,"7":33,"8":32,"9":9,"10":6,"11":32,"12":5,"13":32},"b":{"0":[29],"1":[33,5],"2":[4,1],"3":[9,29],"4":[38,9],"5":[3,6],"6":[8,9],"7":[1,8],"8":[1,16],"9":[1,32],"10":[29,3],"11":[4,25],"12":[4,25],"13":[29,4],"14":[5,27],"15":[5,2],"16":[31,1],"17":[32,6]},"_coverageSchema":"1a1c01bbd47fc00a2c39e90264f33305004495a9","hash":"276bc7def55917362c46161ad492d216e35baccf"}
,"/home/raimundo/Documents/thesis/edition/ldod-mfes/shell/shared/store/src/utils.js": {"path":"/home/raimundo/Documents/thesis/edition/ldod-mfes/shell/shared/store/src/utils.js","statementMap":{"0":{"start":{"line":1,"column":29},"end":{"line":4,"column":1}},"1":{"start":{"line":2,"column":18},"end":{"line":2,"column":49}},"2":{"start":{"line":3,"column":2},"end":{"line":3,"column":49}},"3":{"start":{"line":6,"column":27},"end":{"line":10,"column":8}},"4":{"start":{"line":7,"column":2},"end":{"line":10,"column":8}},"5":{"start":{"line":8,"column":4},"end":{"line":8,"column":61}},"6":{"start":{"line":8,"column":40},"end":{"line":8,"column":61}},"7":{"start":{"line":9,"column":4},"end":{"line":9,"column":16}},"8":{"start":{"line":12,"column":26},"end":{"line":16,"column":1}},"9":{"start":{"line":13,"column":16},"end":{"line":13,"column":49}},"10":{"start":{"line":14,"column":2},"end":{"line":14,"column":23}},"11":{"start":{"line":14,"column":16},"end":{"line":14,"column":23}},"12":{"start":{"line":15,"column":2},"end":{"line":15,"column":55}},"13":{"start":{"line":18,"column":29},"end":{"line":19,"column":51}},"14":{"start":{"line":19,"column":2},"end":{"line":19,"column":51}},"15":{"start":{"line":21,"column":27},"end":{"line":21,"column":66}},"16":{"start":{"line":21,"column":37},"end":{"line":21,"column":66}},"17":{"start":{"line":23,"column":26},"end":{"line":29,"column":1}},"18":{"start":{"line":24,"column":16},"end":{"line":24,"column":42}},"19":{"start":{"line":25,"column":2},"end":{"line":25,"column":35}},"20":{"start":{"line":26,"column":2},"end":{"line":26,"column":70}},"21":{"start":{"line":26,"column":49},"end":{"line":26,"column":67}},"22":{"start":{"line":27,"column":2},"end":{"line":27,"column":27}},"23":{"start":{"line":28,"column":2},"end":{"line":28,"column":38}},"24":{"start":{"line":31,"column":24},"end":{"line":48,"column":1}},"25":{"start":{"line":32,"column":21},"end":{"line":32,"column":61}},"26":{"start":{"line":32,"column":33},"end":{"line":32,"column":61}},"27":{"start":{"line":33,"column":19},"end":{"line":33,"column":52}},"28":{"start":{"line":33,"column":26},"end":{"line":33,"column":52}},"29":{"start":{"line":34,"column":19},"end":{"line":34,"column":48}},"30":{"start":{"line":34,"column":35},"end":{"line":34,"column":48}},"31":{"start":{"line":36,"column":2},"end":{"line":40,"column":17}},"32":{"start":{"line":40,"column":4},"end":{"line":40,"column":17}},"33":{"start":{"line":42,"column":2},"end":{"line":47,"column":5}},"34":{"start":{"line":43,"column":25},"end":{"line":43,"column":55}},"35":{"start":{"line":44,"column":4},"end":{"line":45,"column":63}},"36":{"start":{"line":45,"column":6},"end":{"line":45,"column":63}},"37":{"start":{"line":46,"column":4},"end":{"line":46,"column":40}}},"fnMap":{"0":{"name":"(anonymous_0)","decl":{"start":{"line":1,"column":29},"end":{"line":1,"column":30}},"loc":{"start":{"line":1,"column":44},"end":{"line":4,"column":1}},"line":1},"1":{"name":"(anonymous_1)","decl":{"start":{"line":6,"column":27},"end":{"line":6,"column":28}},"loc":{"start":{"line":7,"column":2},"end":{"line":10,"column":8}},"line":7},"2":{"name":"(anonymous_2)","decl":{"start":{"line":7,"column":26},"end":{"line":7,"column":27}},"loc":{"start":{"line":7,"column":41},"end":{"line":10,"column":3}},"line":7},"3":{"name":"(anonymous_3)","decl":{"start":{"line":12,"column":26},"end":{"line":12,"column":27}},"loc":{"start":{"line":12,"column":49},"end":{"line":16,"column":1}},"line":12},"4":{"name":"(anonymous_4)","decl":{"start":{"line":18,"column":29},"end":{"line":18,"column":30}},"loc":{"start":{"line":19,"column":2},"end":{"line":19,"column":51}},"line":19},"5":{"name":"(anonymous_5)","decl":{"start":{"line":21,"column":27},"end":{"line":21,"column":28}},"loc":{"start":{"line":21,"column":37},"end":{"line":21,"column":66}},"line":21},"6":{"name":"(anonymous_6)","decl":{"start":{"line":23,"column":26},"end":{"line":23,"column":27}},"loc":{"start":{"line":23,"column":43},"end":{"line":29,"column":1}},"line":23},"7":{"name":"(anonymous_7)","decl":{"start":{"line":26,"column":32},"end":{"line":26,"column":33}},"loc":{"start":{"line":26,"column":49},"end":{"line":26,"column":67}},"line":26},"8":{"name":"(anonymous_8)","decl":{"start":{"line":31,"column":24},"end":{"line":31,"column":25}},"loc":{"start":{"line":31,"column":45},"end":{"line":48,"column":1}},"line":31},"9":{"name":"(anonymous_9)","decl":{"start":{"line":32,"column":21},"end":{"line":32,"column":22}},"loc":{"start":{"line":32,"column":33},"end":{"line":32,"column":61}},"line":32},"10":{"name":"(anonymous_10)","decl":{"start":{"line":33,"column":19},"end":{"line":33,"column":20}},"loc":{"start":{"line":33,"column":26},"end":{"line":33,"column":52}},"line":33},"11":{"name":"(anonymous_11)","decl":{"start":{"line":34,"column":19},"end":{"line":34,"column":20}},"loc":{"start":{"line":34,"column":35},"end":{"line":34,"column":48}},"line":34},"12":{"name":"(anonymous_12)","decl":{"start":{"line":42,"column":38},"end":{"line":42,"column":39}},"loc":{"start":{"line":42,"column":61},"end":{"line":47,"column":3}},"line":42}},"branchMap":{"0":{"loc":{"start":{"line":3,"column":9},"end":{"line":3,"column":48}},"type":"cond-expr","locations":[{"start":{"line":3,"column":19},"end":{"line":3,"column":38}},{"start":{"line":3,"column":41},"end":{"line":3,"column":48}}],"line":3},"1":{"loc":{"start":{"line":8,"column":4},"end":{"line":8,"column":61}},"type":"if","locations":[{"start":{"line":8,"column":4},"end":{"line":8,"column":61}},{"start":{},"end":{}}],"line":8},"2":{"loc":{"start":{"line":14,"column":2},"end":{"line":14,"column":23}},"type":"if","locations":[{"start":{"line":14,"column":2},"end":{"line":14,"column":23}},{"start":{},"end":{}}],"line":14},"3":{"loc":{"start":{"line":25,"column":12},"end":{"line":25,"column":34}},"type":"cond-expr","locations":[{"start":{"line":25,"column":22},"end":{"line":25,"column":29}},{"start":{"line":25,"column":32},"end":{"line":25,"column":34}}],"line":25},"4":{"loc":{"start":{"line":32,"column":33},"end":{"line":32,"column":61}},"type":"binary-expr","locations":[{"start":{"line":32,"column":33},"end":{"line":32,"column":45}},{"start":{"line":32,"column":49},"end":{"line":32,"column":61}}],"line":32},"5":{"loc":{"start":{"line":33,"column":26},"end":{"line":33,"column":52}},"type":"binary-expr","locations":[{"start":{"line":33,"column":26},"end":{"line":33,"column":27}},{"start":{"line":33,"column":31},"end":{"line":33,"column":52}}],"line":33},"6":{"loc":{"start":{"line":36,"column":2},"end":{"line":40,"column":17}},"type":"if","locations":[{"start":{"line":36,"column":2},"end":{"line":40,"column":17}},{"start":{},"end":{}}],"line":36},"7":{"loc":{"start":{"line":37,"column":4},"end":{"line":38,"column":67}},"type":"binary-expr","locations":[{"start":{"line":37,"column":4},"end":{"line":37,"column":32}},{"start":{"line":38,"column":4},"end":{"line":38,"column":67}}],"line":37},"8":{"loc":{"start":{"line":44,"column":4},"end":{"line":45,"column":63}},"type":"if","locations":[{"start":{"line":44,"column":4},"end":{"line":45,"column":63}},{"start":{},"end":{}}],"line":44},"9":{"loc":{"start":{"line":45,"column":13},"end":{"line":45,"column":62}},"type":"binary-expr","locations":[{"start":{"line":45,"column":13},"end":{"line":45,"column":32}},{"start":{"line":45,"column":36},"end":{"line":45,"column":62}}],"line":45},"10":{"loc":{"start":{"line":46,"column":11},"end":{"line":46,"column":39}},"type":"binary-expr","locations":[{"start":{"line":46,"column":11},"end":{"line":46,"column":23}},{"start":{"line":46,"column":27},"end":{"line":46,"column":39}}],"line":46}},"s":{"0":3,"1":10,"2":10,"3":3,"4":18,"5":26,"6":22,"7":26,"8":3,"9":9,"10":9,"11":6,"12":3,"13":3,"14":10,"15":3,"16":10,"17":3,"18":10,"19":10,"20":10,"21":14,"22":10,"23":10,"24":3,"25":40,"26":62,"27":40,"28":103,"29":40,"30":1,"31":40,"32":21,"33":19,"34":22,"35":22,"36":1,"37":21},"f":{"0":10,"1":18,"2":26,"3":9,"4":10,"5":10,"6":10,"7":14,"8":40,"9":62,"10":103,"11":1,"12":22},"b":{"0":[4,6],"1":[22,4],"2":[6,3],"3":[4,6],"4":[62,41],"5":[103,102],"6":[21,19],"7":[40,39],"8":[1,21],"9":[1,1],"10":[21,19]},"_coverageSchema":"1a1c01bbd47fc00a2c39e90264f33305004495a9","hash":"858ebf2f11df47c0007b01c661c1b2a9ce7d5d9d"}
}
