TN:
SF:src/Store.js
FN:13,(anonymous_0)
FN:27,(anonymous_1)
FN:34,(anonymous_2)
FN:37,(anonymous_3)
FN:39,(anonymous_4)
FN:42,(anonymous_5)
FN:47,(anonymous_6)
FN:51,(anonymous_7)
FN:67,(anonymous_8)
FN:70,(anonymous_9)
FN:75,(anonymous_10)
FN:81,(anonymous_11)
FN:83,(anonymous_12)
FN:90,checkStateType
FNF:14
FNH:14
FNDA:38,(anonymous_0)
FNDA:17,(anonymous_1)
FNDA:1,(anonymous_2)
FNDA:8,(anonymous_3)
FNDA:2,(anonymous_4)
FNDA:1,(anonymous_5)
FNDA:17,(anonymous_6)
FNDA:33,(anonymous_7)
FNDA:32,(anonymous_8)
FNDA:9,(anonymous_9)
FNDA:6,(anonymous_10)
FNDA:32,(anonymous_11)
FNDA:5,(anonymous_12)
FNDA:32,checkStateType
DA:14,38
DA:15,38
DA:16,38
DA:17,38
DA:18,38
DA:19,9
DA:20,9
DA:21,9
DA:28,17
DA:29,9
DA:30,1
DA:32,8
DA:34,9
DA:38,8
DA:39,8
DA:43,1
DA:44,1
DA:48,17
DA:52,33
DA:53,32
DA:55,32
DA:57,32
DA:58,29
DA:59,29
DA:61,29
DA:62,4
DA:67,29
DA:68,32
DA:71,9
DA:75,29
DA:76,6
DA:82,32
DA:84,5
DA:85,5
DA:91,32
DA:95,32
LF:36
LH:36
BRDA:13,0,0,29
BRDA:14,1,0,33
BRDA:14,1,1,5
BRDA:14,2,0,4
BRDA:14,2,1,1
BRDA:18,3,0,9
BRDA:18,3,1,29
BRDA:18,4,0,38
BRDA:18,4,1,9
BRDA:21,5,0,3
BRDA:21,5,1,6
BRDA:28,6,0,8
BRDA:28,6,1,9
BRDA:29,7,0,1
BRDA:29,7,1,8
BRDA:48,8,0,1
BRDA:48,8,1,16
BRDA:52,9,0,1
BRDA:52,9,1,32
BRDA:57,10,0,29
BRDA:57,10,1,3
BRDA:59,11,0,4
BRDA:59,11,1,25
BRDA:61,12,0,4
BRDA:61,12,1,25
BRDA:61,13,0,29
BRDA:61,13,1,4
BRDA:82,14,0,5
BRDA:82,14,1,27
BRDA:85,15,0,5
BRDA:85,15,1,2
BRDA:92,16,0,31
BRDA:92,16,1,1
BRDA:92,17,0,32
BRDA:92,17,1,6
BRF:35
BRH:35
end_of_record
TN:
SF:src/utils.js
FN:1,(anonymous_0)
FN:6,(anonymous_1)
FN:7,(anonymous_2)
FN:12,(anonymous_3)
FN:18,(anonymous_4)
FN:21,(anonymous_5)
FN:23,(anonymous_6)
FN:26,(anonymous_7)
FN:31,(anonymous_8)
FN:32,(anonymous_9)
FN:33,(anonymous_10)
FN:34,(anonymous_11)
FN:42,(anonymous_12)
FNF:13
FNH:13
FNDA:10,(anonymous_0)
FNDA:18,(anonymous_1)
FNDA:26,(anonymous_2)
FNDA:9,(anonymous_3)
FNDA:10,(anonymous_4)
FNDA:10,(anonymous_5)
FNDA:10,(anonymous_6)
FNDA:14,(anonymous_7)
FNDA:40,(anonymous_8)
FNDA:62,(anonymous_9)
FNDA:103,(anonymous_10)
FNDA:1,(anonymous_11)
FNDA:22,(anonymous_12)
DA:1,3
DA:2,10
DA:3,10
DA:6,3
DA:7,18
DA:8,26
DA:9,26
DA:12,3
DA:13,9
DA:14,9
DA:15,3
DA:18,3
DA:19,10
DA:21,10
DA:23,3
DA:24,10
DA:25,10
DA:26,14
DA:27,10
DA:28,10
DA:31,3
DA:32,62
DA:33,103
DA:34,40
DA:36,40
DA:40,21
DA:42,19
DA:43,22
DA:44,22
DA:45,1
DA:46,21
LF:31
LH:31
BRDA:3,0,0,4
BRDA:3,0,1,6
BRDA:8,1,0,22
BRDA:8,1,1,4
BRDA:14,2,0,6
BRDA:14,2,1,3
BRDA:25,3,0,4
BRDA:25,3,1,6
BRDA:32,4,0,62
BRDA:32,4,1,41
BRDA:33,5,0,103
BRDA:33,5,1,102
BRDA:36,6,0,21
BRDA:36,6,1,19
BRDA:37,7,0,40
BRDA:37,7,1,39
BRDA:44,8,0,1
BRDA:44,8,1,21
BRDA:45,9,0,1
BRDA:45,9,1,1
BRDA:46,10,0,21
BRDA:46,10,1,19
BRF:22
BRH:22
end_of_record
