<?xml version="1.0" encoding="UTF-8"?>
<coverage generated="1660555000717" clover="3.2.0">
  <project timestamp="1660555000717" name="All files">
    <metrics statements="108" coveredstatements="105" conditionals="103" coveredconditionals="98" methods="44" coveredmethods="41" elements="255" coveredelements="244" complexity="0" loc="108" ncloc="108" packages="1" files="3" classes="3"/>
    <file name="LdodRouter.js" path="/home/raimundo/Documents/thesis/edition/ldod-mfes/shell/shared/router/src/LdodRouter.js">
      <metrics statements="83" coveredstatements="80" conditionals="71" coveredconditionals="66" methods="33" coveredmethods="30"/>
      <line num="10" count="35" type="stmt"/>
      <line num="14" count="2" type="stmt"/>
      <line num="18" count="174" type="stmt"/>
      <line num="22" count="151" type="cond" truecount="1" falsecount="1"/>
      <line num="26" count="216" type="stmt"/>
      <line num="30" count="302" type="cond" truecount="2" falsecount="0"/>
      <line num="34" count="312" type="cond" truecount="2" falsecount="0"/>
      <line num="38" count="127" type="stmt"/>
      <line num="42" count="77" type="cond" truecount="2" falsecount="0"/>
      <line num="43" count="51" type="stmt"/>
      <line num="44" count="26" type="stmt"/>
      <line num="45" count="26" type="stmt"/>
      <line num="46" count="26" type="stmt"/>
      <line num="50" count="33" type="stmt"/>
      <line num="54" count="0" type="stmt"/>
      <line num="57" count="35" type="stmt"/>
      <line num="58" count="37" type="cond" truecount="1" falsecount="1"/>
      <line num="60" count="35" type="stmt"/>
      <line num="61" count="49" type="cond" truecount="2" falsecount="0"/>
      <line num="62" count="25" type="stmt"/>
      <line num="63" count="50" type="cond" truecount="2" falsecount="0"/>
      <line num="68" count="25" type="stmt"/>
      <line num="69" count="25" type="stmt"/>
      <line num="70" count="25" type="stmt"/>
      <line num="73" count="35" type="stmt"/>
      <line num="74" count="27" type="cond" truecount="2" falsecount="0"/>
      <line num="75" count="8" type="cond" truecount="1" falsecount="1"/>
      <line num="76" count="8" type="stmt"/>
      <line num="80" count="32" type="cond" truecount="1" falsecount="1"/>
      <line num="81" count="32" type="cond" truecount="4" falsecount="0"/>
      <line num="83" count="23" type="cond" truecount="1" falsecount="1"/>
      <line num="84" count="23" type="stmt"/>
      <line num="85" count="23" type="stmt"/>
      <line num="86" count="23" type="stmt"/>
      <line num="87" count="23" type="stmt"/>
      <line num="91" count="23" type="cond" truecount="2" falsecount="0"/>
      <line num="92" count="22" type="stmt"/>
      <line num="93" count="128" type="stmt"/>
      <line num="96" count="128" type="stmt"/>
      <line num="97" count="128" type="stmt"/>
      <line num="102" count="23" type="cond" truecount="5" falsecount="0"/>
      <line num="103" count="1" type="stmt"/>
      <line num="107" count="0" type="stmt"/>
      <line num="109" count="0" type="stmt"/>
      <line num="113" count="32" type="stmt"/>
      <line num="114" count="32" type="stmt"/>
      <line num="118" count="23" type="stmt"/>
      <line num="119" count="23" type="stmt"/>
      <line num="122" count="35" type="cond" truecount="2" falsecount="0"/>
      <line num="123" count="49" type="cond" truecount="2" falsecount="0"/>
      <line num="124" count="41" type="cond" truecount="2" falsecount="0"/>
      <line num="125" count="41" type="stmt"/>
      <line num="128" count="35" type="stmt"/>
      <line num="129" count="26" type="cond" truecount="4" falsecount="0"/>
      <line num="130" count="25" type="stmt"/>
      <line num="133" count="35" type="stmt"/>
      <line num="134" count="1" type="cond" truecount="2" falsecount="0"/>
      <line num="138" count="41" type="stmt"/>
      <line num="139" count="41" type="cond" truecount="2" falsecount="0"/>
      <line num="140" count="38" type="cond" truecount="2" falsecount="0"/>
      <line num="141" count="38" type="stmt"/>
      <line num="146" count="41" type="cond" truecount="2" falsecount="0"/>
      <line num="149" count="97" type="cond" truecount="2" falsecount="0"/>
      <line num="152" count="41" type="cond" truecount="2" falsecount="0"/>
      <line num="153" count="41" type="stmt"/>
      <line num="157" count="38" type="cond" truecount="2" falsecount="0"/>
      <line num="158" count="33" type="stmt"/>
      <line num="159" count="33" type="stmt"/>
      <line num="160" count="33" type="stmt"/>
      <line num="164" count="17" type="stmt"/>
      <line num="165" count="17" type="stmt"/>
      <line num="169" count="2" type="stmt"/>
      <line num="170" count="41" type="cond" truecount="2" falsecount="0"/>
      <line num="171" count="36" type="cond" truecount="2" falsecount="0"/>
      <line num="172" count="1" type="stmt"/>
      <line num="173" count="35" type="stmt"/>
      <line num="174" count="35" type="cond" truecount="2" falsecount="0"/>
      <line num="182" count="2" type="stmt"/>
      <line num="186" count="33" type="stmt"/>
      <line num="189" count="2" type="stmt"/>
      <line num="190" count="3" type="stmt"/>
      <line num="191" count="3" type="stmt"/>
      <line num="194" count="2" type="stmt"/>
    </file>
    <file name="NavTo.js" path="/home/raimundo/Documents/thesis/edition/ldod-mfes/shell/shared/router/src/NavTo.js">
      <metrics statements="9" coveredstatements="9" conditionals="4" coveredconditionals="4" methods="4" coveredmethods="4"/>
      <line num="3" count="9" type="stmt"/>
      <line num="4" count="9" type="cond" truecount="2" falsecount="0"/>
      <line num="5" count="9" type="stmt"/>
      <line num="9" count="4" type="stmt"/>
      <line num="13" count="7" type="stmt"/>
      <line num="14" count="7" type="stmt"/>
      <line num="18" count="7" type="cond" truecount="2" falsecount="0"/>
      <line num="19" count="2" type="stmt"/>
      <line num="29" count="1" type="stmt"/>
    </file>
    <file name="utils.js" path="/home/raimundo/Documents/thesis/edition/ldod-mfes/shell/shared/router/src/utils.js">
      <metrics statements="16" coveredstatements="16" conditionals="28" coveredconditionals="28" methods="7" coveredmethods="7"/>
      <line num="1" count="3" type="stmt"/>
      <line num="2" count="839" type="stmt"/>
      <line num="4" count="8" type="stmt"/>
      <line num="6" count="3" type="stmt"/>
      <line num="7" count="632" type="cond" truecount="4" falsecount="0"/>
      <line num="8" count="250" type="cond" truecount="2" falsecount="0"/>
      <line num="11" count="3" type="stmt"/>
      <line num="12" count="39" type="cond" truecount="4" falsecount="0"/>
      <line num="13" count="29" type="cond" truecount="2" falsecount="0"/>
      <line num="16" count="3" type="stmt"/>
      <line num="17" count="1164" type="cond" truecount="4" falsecount="0"/>
      <line num="18" count="782" type="cond" truecount="4" falsecount="0"/>
      <line num="23" count="3" type="stmt"/>
      <line num="24" count="17" type="cond" truecount="4" falsecount="0"/>
      <line num="25" count="7" type="cond" truecount="4" falsecount="0"/>
      <line num="28" count="9" type="stmt"/>
    </file>
  </project>
</coverage>
