{"/home/raimundo/Documents/thesis/edition/ldod-mfes/shell/shared/router/src/LdodRouter.js": {"path":"/home/raimundo/Documents/thesis/edition/ldod-mfes/shell/shared/router/src/LdodRouter.js","statementMap":{"0":{"start":{"line":10,"column":4},"end":{"line":10,"column":12}},"1":{"start":{"line":14,"column":4},"end":{"line":14,"column":24}},"2":{"start":{"line":18,"column":4},"end":{"line":18,"column":39}},"3":{"start":{"line":22,"column":4},"end":{"line":22,"column":48}},"4":{"start":{"line":26,"column":4},"end":{"line":26,"column":59}},"5":{"start":{"line":30,"column":4},"end":{"line":30,"column":75}},"6":{"start":{"line":34,"column":4},"end":{"line":34,"column":74}},"7":{"start":{"line":38,"column":4},"end":{"line":38,"column":80}},"8":{"start":{"line":42,"column":4},"end":{"line":43,"column":52}},"9":{"start":{"line":43,"column":6},"end":{"line":43,"column":52}},"10":{"start":{"line":44,"column":19},"end":{"line":44,"column":56}},"11":{"start":{"line":45,"column":4},"end":{"line":45,"column":36}},"12":{"start":{"line":46,"column":4},"end":{"line":46,"column":18}},"13":{"start":{"line":50,"column":4},"end":{"line":50,"column":41}},"14":{"start":{"line":54,"column":4},"end":{"line":54,"column":44}},"15":{"start":{"line":57,"column":16},"end":{"line":58,"column":72}},"16":{"start":{"line":58,"column":4},"end":{"line":58,"column":72}},"17":{"start":{"line":60,"column":17},"end":{"line":71,"column":3}},"18":{"start":{"line":61,"column":4},"end":{"line":61,"column":35}},"19":{"start":{"line":61,"column":22},"end":{"line":61,"column":35}},"20":{"start":{"line":62,"column":22},"end":{"line":67,"column":35}},"21":{"start":{"line":63,"column":6},"end":{"line":67,"column":35}},"22":{"start":{"line":68,"column":17},"end":{"line":68,"column":55}},"23":{"start":{"line":69,"column":18},"end":{"line":69,"column":61}},"24":{"start":{"line":70,"column":4},"end":{"line":70,"column":30}},"25":{"start":{"line":73,"column":21},"end":{"line":77,"column":3}},"26":{"start":{"line":74,"column":4},"end":{"line":74,"column":33}},"27":{"start":{"line":74,"column":21},"end":{"line":74,"column":33}},"28":{"start":{"line":75,"column":19},"end":{"line":75,"column":65}},"29":{"start":{"line":76,"column":4},"end":{"line":76,"column":56}},"30":{"start":{"line":80,"column":4},"end":{"line":80,"column":72}},"31":{"start":{"line":80,"column":18},"end":{"line":80,"column":72}},"32":{"start":{"line":81,"column":4},"end":{"line":81,"column":44}},"33":{"start":{"line":81,"column":37},"end":{"line":81,"column":44}},"34":{"start":{"line":83,"column":4},"end":{"line":83,"column":55}},"35":{"start":{"line":84,"column":4},"end":{"line":84,"column":25}},"36":{"start":{"line":85,"column":4},"end":{"line":85,"column":34}},"37":{"start":{"line":86,"column":4},"end":{"line":86,"column":29}},"38":{"start":{"line":87,"column":4},"end":{"line":87,"column":20}},"39":{"start":{"line":91,"column":4},"end":{"line":91,"column":29}},"40":{"start":{"line":91,"column":22},"end":{"line":91,"column":29}},"41":{"start":{"line":92,"column":4},"end":{"line":98,"column":11}},"42":{"start":{"line":93,"column":17},"end":{"line":95,"column":7}},"43":{"start":{"line":96,"column":6},"end":{"line":96,"column":23}},"44":{"start":{"line":97,"column":6},"end":{"line":97,"column":18}},"45":{"start":{"line":102,"column":4},"end":{"line":103,"column":38}},"46":{"start":{"line":103,"column":6},"end":{"line":103,"column":38}},"47":{"start":{"line":107,"column":4},"end":{"line":109,"column":64}},"48":{"start":{"line":109,"column":24},"end":{"line":109,"column":62}},"49":{"start":{"line":113,"column":4},"end":{"line":113,"column":74}},"50":{"start":{"line":114,"column":4},"end":{"line":114,"column":64}},"51":{"start":{"line":118,"column":4},"end":{"line":118,"column":71}},"52":{"start":{"line":119,"column":4},"end":{"line":119,"column":61}},"53":{"start":{"line":122,"column":13},"end":{"line":126,"column":3}},"54":{"start":{"line":123,"column":4},"end":{"line":123,"column":40}},"55":{"start":{"line":123,"column":33},"end":{"line":123,"column":40}},"56":{"start":{"line":124,"column":4},"end":{"line":124,"column":74}},"57":{"start":{"line":124,"column":32},"end":{"line":124,"column":74}},"58":{"start":{"line":125,"column":4},"end":{"line":125,"column":18}},"59":{"start":{"line":128,"column":21},"end":{"line":131,"column":3}},"60":{"start":{"line":129,"column":4},"end":{"line":130,"column":51}},"61":{"start":{"line":130,"column":6},"end":{"line":130,"column":51}},"62":{"start":{"line":133,"column":19},"end":{"line":135,"column":3}},"63":{"start":{"line":134,"column":4},"end":{"line":134,"column":73}},"64":{"start":{"line":138,"column":16},"end":{"line":138,"column":31}},"65":{"start":{"line":139,"column":4},"end":{"line":139,"column":64}},"66":{"start":{"line":139,"column":57},"end":{"line":139,"column":64}},"67":{"start":{"line":140,"column":4},"end":{"line":140,"column":44}},"68":{"start":{"line":140,"column":21},"end":{"line":140,"column":44}},"69":{"start":{"line":141,"column":4},"end":{"line":141,"column":32}},"70":{"start":{"line":146,"column":6},"end":{"line":150,"column":17}},"71":{"start":{"line":149,"column":12},"end":{"line":149,"column":57}},"72":{"start":{"line":152,"column":4},"end":{"line":152,"column":48}},"73":{"start":{"line":152,"column":21},"end":{"line":152,"column":48}},"74":{"start":{"line":153,"column":4},"end":{"line":153,"column":22}},"75":{"start":{"line":157,"column":4},"end":{"line":157,"column":23}},"76":{"start":{"line":157,"column":16},"end":{"line":157,"column":23}},"77":{"start":{"line":158,"column":16},"end":{"line":158,"column":29}},"78":{"start":{"line":159,"column":4},"end":{"line":159,"column":22}},"79":{"start":{"line":160,"column":4},"end":{"line":160,"column":57}},"80":{"start":{"line":164,"column":4},"end":{"line":164,"column":32}},"81":{"start":{"line":165,"column":4},"end":{"line":165,"column":31}},"82":{"start":{"line":169,"column":34},"end":{"line":187,"column":1}},"83":{"start":{"line":170,"column":2},"end":{"line":170,"column":21}},"84":{"start":{"line":170,"column":14},"end":{"line":170,"column":21}},"85":{"start":{"line":171,"column":2},"end":{"line":172,"column":71}},"86":{"start":{"line":172,"column":4},"end":{"line":172,"column":71}},"87":{"start":{"line":173,"column":14},"end":{"line":173,"column":27}},"88":{"start":{"line":174,"column":2},"end":{"line":185,"column":6}},"89":{"start":{"line":182,"column":4},"end":{"line":185,"column":6}},"90":{"start":{"line":186,"column":2},"end":{"line":186,"column":15}},"91":{"start":{"line":189,"column":25},"end":{"line":192,"column":1}},"92":{"start":{"line":190,"column":2},"end":{"line":190,"column":49}},"93":{"start":{"line":191,"column":2},"end":{"line":191,"column":14}},"94":{"start":{"line":194,"column":0},"end":{"line":194,"column":49}}},"fnMap":{"0":{"name":"(anonymous_0)","decl":{"start":{"line":9,"column":2},"end":{"line":9,"column":3}},"loc":{"start":{"line":9,"column":16},"end":{"line":11,"column":3}},"line":9},"1":{"name":"(anonymous_1)","decl":{"start":{"line":13,"column":2},"end":{"line":13,"column":3}},"loc":{"start":{"line":13,"column":34},"end":{"line":15,"column":3}},"line":13},"2":{"name":"(anonymous_2)","decl":{"start":{"line":17,"column":2},"end":{"line":17,"column":3}},"loc":{"start":{"line":17,"column":15},"end":{"line":19,"column":3}},"line":17},"3":{"name":"(anonymous_3)","decl":{"start":{"line":21,"column":2},"end":{"line":21,"column":3}},"loc":{"start":{"line":21,"column":13},"end":{"line":23,"column":3}},"line":21},"4":{"name":"(anonymous_4)","decl":{"start":{"line":25,"column":2},"end":{"line":25,"column":3}},"loc":{"start":{"line":25,"column":17},"end":{"line":27,"column":3}},"line":25},"5":{"name":"(anonymous_5)","decl":{"start":{"line":29,"column":2},"end":{"line":29,"column":3}},"loc":{"start":{"line":29,"column":14},"end":{"line":31,"column":3}},"line":29},"6":{"name":"(anonymous_6)","decl":{"start":{"line":33,"column":2},"end":{"line":33,"column":3}},"loc":{"start":{"line":33,"column":13},"end":{"line":35,"column":3}},"line":33},"7":{"name":"(anonymous_7)","decl":{"start":{"line":37,"column":2},"end":{"line":37,"column":3}},"loc":{"start":{"line":37,"column":23},"end":{"line":39,"column":3}},"line":37},"8":{"name":"(anonymous_8)","decl":{"start":{"line":41,"column":2},"end":{"line":41,"column":3}},"loc":{"start":{"line":41,"column":15},"end":{"line":47,"column":3}},"line":41},"9":{"name":"(anonymous_9)","decl":{"start":{"line":49,"column":2},"end":{"line":49,"column":3}},"loc":{"start":{"line":49,"column":17},"end":{"line":51,"column":3}},"line":49},"10":{"name":"(anonymous_10)","decl":{"start":{"line":53,"column":2},"end":{"line":53,"column":3}},"loc":{"start":{"line":53,"column":25},"end":{"line":55,"column":3}},"line":53},"11":{"name":"(anonymous_11)","decl":{"start":{"line":57,"column":16},"end":{"line":57,"column":17}},"loc":{"start":{"line":58,"column":4},"end":{"line":58,"column":72}},"line":58},"12":{"name":"(anonymous_12)","decl":{"start":{"line":60,"column":17},"end":{"line":60,"column":18}},"loc":{"start":{"line":60,"column":27},"end":{"line":71,"column":3}},"line":60},"13":{"name":"(anonymous_13)","decl":{"start":{"line":62,"column":22},"end":{"line":62,"column":23}},"loc":{"start":{"line":63,"column":6},"end":{"line":67,"column":35}},"line":63},"14":{"name":"(anonymous_14)","decl":{"start":{"line":73,"column":21},"end":{"line":73,"column":22}},"loc":{"start":{"line":73,"column":31},"end":{"line":77,"column":3}},"line":73},"15":{"name":"(anonymous_15)","decl":{"start":{"line":79,"column":2},"end":{"line":79,"column":3}},"loc":{"start":{"line":79,"column":28},"end":{"line":88,"column":3}},"line":79},"16":{"name":"(anonymous_16)","decl":{"start":{"line":90,"column":2},"end":{"line":90,"column":3}},"loc":{"start":{"line":90,"column":18},"end":{"line":99,"column":3}},"line":90},"17":{"name":"(anonymous_17)","decl":{"start":{"line":92,"column":53},"end":{"line":92,"column":54}},"loc":{"start":{"line":92,"column":75},"end":{"line":98,"column":5}},"line":92},"18":{"name":"(anonymous_18)","decl":{"start":{"line":101,"column":2},"end":{"line":101,"column":3}},"loc":{"start":{"line":101,"column":45},"end":{"line":104,"column":3}},"line":101},"19":{"name":"(anonymous_19)","decl":{"start":{"line":106,"column":2},"end":{"line":106,"column":3}},"loc":{"start":{"line":106,"column":33},"end":{"line":110,"column":3}},"line":106},"20":{"name":"(anonymous_20)","decl":{"start":{"line":109,"column":15},"end":{"line":109,"column":16}},"loc":{"start":{"line":109,"column":24},"end":{"line":109,"column":62}},"line":109},"21":{"name":"(anonymous_21)","decl":{"start":{"line":112,"column":2},"end":{"line":112,"column":3}},"loc":{"start":{"line":112,"column":25},"end":{"line":115,"column":3}},"line":112},"22":{"name":"(anonymous_22)","decl":{"start":{"line":117,"column":2},"end":{"line":117,"column":3}},"loc":{"start":{"line":117,"column":22},"end":{"line":120,"column":3}},"line":117},"23":{"name":"(anonymous_23)","decl":{"start":{"line":122,"column":13},"end":{"line":122,"column":14}},"loc":{"start":{"line":122,"column":51},"end":{"line":126,"column":3}},"line":122},"24":{"name":"(anonymous_24)","decl":{"start":{"line":128,"column":21},"end":{"line":128,"column":22}},"loc":{"start":{"line":128,"column":54},"end":{"line":131,"column":3}},"line":128},"25":{"name":"(anonymous_25)","decl":{"start":{"line":133,"column":19},"end":{"line":133,"column":20}},"loc":{"start":{"line":133,"column":26},"end":{"line":135,"column":3}},"line":133},"26":{"name":"(anonymous_26)","decl":{"start":{"line":137,"column":2},"end":{"line":137,"column":3}},"loc":{"start":{"line":137,"column":17},"end":{"line":142,"column":3}},"line":137},"27":{"name":"(anonymous_27)","decl":{"start":{"line":144,"column":2},"end":{"line":144,"column":3}},"loc":{"start":{"line":144,"column":13},"end":{"line":154,"column":3}},"line":144},"28":{"name":"(anonymous_28)","decl":{"start":{"line":148,"column":43},"end":{"line":148,"column":44}},"loc":{"start":{"line":148,"column":60},"end":{"line":150,"column":11}},"line":148},"29":{"name":"(anonymous_29)","decl":{"start":{"line":156,"column":2},"end":{"line":156,"column":3}},"loc":{"start":{"line":156,"column":25},"end":{"line":161,"column":3}},"line":156},"30":{"name":"(anonymous_30)","decl":{"start":{"line":163,"column":2},"end":{"line":163,"column":3}},"loc":{"start":{"line":163,"column":20},"end":{"line":166,"column":3}},"line":163},"31":{"name":"(anonymous_31)","decl":{"start":{"line":169,"column":34},"end":{"line":169,"column":35}},"loc":{"start":{"line":169,"column":55},"end":{"line":187,"column":1}},"line":169},"32":{"name":"(anonymous_32)","decl":{"start":{"line":189,"column":25},"end":{"line":189,"column":26}},"loc":{"start":{"line":189,"column":42},"end":{"line":192,"column":1}},"line":189}},"branchMap":{"0":{"loc":{"start":{"line":22,"column":11},"end":{"line":22,"column":47}},"type":"cond-expr","locations":[{"start":{"line":22,"column":25},"end":{"line":22,"column":40}},{"start":{"line":22,"column":43},"end":{"line":22,"column":47}}],"line":22},"1":{"loc":{"start":{"line":30,"column":11},"end":{"line":30,"column":74}},"type":"binary-expr","locations":[{"start":{"line":30,"column":11},"end":{"line":30,"column":68}},{"start":{"line":30,"column":72},"end":{"line":30,"column":74}}],"line":30},"2":{"loc":{"start":{"line":34,"column":11},"end":{"line":34,"column":73}},"type":"binary-expr","locations":[{"start":{"line":34,"column":11},"end":{"line":34,"column":67}},{"start":{"line":34,"column":71},"end":{"line":34,"column":73}}],"line":34},"3":{"loc":{"start":{"line":42,"column":4},"end":{"line":43,"column":52}},"type":"if","locations":[{"start":{"line":42,"column":4},"end":{"line":43,"column":52}},{"start":{},"end":{}}],"line":42},"4":{"loc":{"start":{"line":58,"column":36},"end":{"line":58,"column":46}},"type":"binary-expr","locations":[{"start":{"line":58,"column":36},"end":{"line":58,"column":40}},{"start":{"line":58,"column":44},"end":{"line":58,"column":46}}],"line":58},"5":{"loc":{"start":{"line":61,"column":4},"end":{"line":61,"column":35}},"type":"if","locations":[{"start":{"line":61,"column":4},"end":{"line":61,"column":35}},{"start":{},"end":{}}],"line":61},"6":{"loc":{"start":{"line":63,"column":6},"end":{"line":67,"column":35}},"type":"cond-expr","locations":[{"start":{"line":64,"column":10},"end":{"line":64,"column":18}},{"start":{"line":65,"column":10},"end":{"line":67,"column":35}}],"line":63},"7":{"loc":{"start":{"line":74,"column":4},"end":{"line":74,"column":33}},"type":"if","locations":[{"start":{"line":74,"column":4},"end":{"line":74,"column":33}},{"start":{},"end":{}}],"line":74},"8":{"loc":{"start":{"line":75,"column":19},"end":{"line":75,"column":65}},"type":"cond-expr","locations":[{"start":{"line":75,"column":31},"end":{"line":75,"column":58}},{"start":{"line":75,"column":61},"end":{"line":75,"column":65}}],"line":75},"9":{"loc":{"start":{"line":80,"column":4},"end":{"line":80,"column":72}},"type":"if","locations":[{"start":{"line":80,"column":4},"end":{"line":80,"column":72}},{"start":{},"end":{}}],"line":80},"10":{"loc":{"start":{"line":81,"column":4},"end":{"line":81,"column":44}},"type":"if","locations":[{"start":{"line":81,"column":4},"end":{"line":81,"column":44}},{"start":{},"end":{}}],"line":81},"11":{"loc":{"start":{"line":81,"column":8},"end":{"line":81,"column":35}},"type":"binary-expr","locations":[{"start":{"line":81,"column":8},"end":{"line":81,"column":20}},{"start":{"line":81,"column":24},"end":{"line":81,"column":35}}],"line":81},"12":{"loc":{"start":{"line":83,"column":4},"end":{"line":83,"column":54}},"type":"binary-expr","locations":[{"start":{"line":83,"column":4},"end":{"line":83,"column":15}},{"start":{"line":83,"column":19},"end":{"line":83,"column":54}}],"line":83},"13":{"loc":{"start":{"line":91,"column":4},"end":{"line":91,"column":29}},"type":"if","locations":[{"start":{"line":91,"column":4},"end":{"line":91,"column":29}},{"start":{},"end":{}}],"line":91},"14":{"loc":{"start":{"line":102,"column":4},"end":{"line":103,"column":38}},"type":"if","locations":[{"start":{"line":102,"column":4},"end":{"line":103,"column":38}},{"start":{},"end":{}}],"line":102},"15":{"loc":{"start":{"line":102,"column":8},"end":{"line":102,"column":52}},"type":"binary-expr","locations":[{"start":{"line":102,"column":8},"end":{"line":102,"column":27}},{"start":{"line":102,"column":31},"end":{"line":102,"column":35}},{"start":{"line":102,"column":39},"end":{"line":102,"column":52}}],"line":102},"16":{"loc":{"start":{"line":122,"column":14},"end":{"line":122,"column":34}},"type":"default-arg","locations":[{"start":{"line":122,"column":21},"end":{"line":122,"column":34}}],"line":122},"17":{"loc":{"start":{"line":122,"column":36},"end":{"line":122,"column":46}},"type":"default-arg","locations":[{"start":{"line":122,"column":44},"end":{"line":122,"column":46}}],"line":122},"18":{"loc":{"start":{"line":123,"column":4},"end":{"line":123,"column":40}},"type":"if","locations":[{"start":{"line":123,"column":4},"end":{"line":123,"column":40}},{"start":{},"end":{}}],"line":123},"19":{"loc":{"start":{"line":124,"column":4},"end":{"line":124,"column":74}},"type":"if","locations":[{"start":{"line":124,"column":4},"end":{"line":124,"column":74}},{"start":{},"end":{}}],"line":124},"20":{"loc":{"start":{"line":129,"column":4},"end":{"line":130,"column":51}},"type":"if","locations":[{"start":{"line":129,"column":4},"end":{"line":130,"column":51}},{"start":{},"end":{}}],"line":129},"21":{"loc":{"start":{"line":129,"column":8},"end":{"line":129,"column":43}},"type":"binary-expr","locations":[{"start":{"line":129,"column":8},"end":{"line":129,"column":12}},{"start":{"line":129,"column":16},"end":{"line":129,"column":43}}],"line":129},"22":{"loc":{"start":{"line":134,"column":4},"end":{"line":134,"column":72}},"type":"binary-expr","locations":[{"start":{"line":134,"column":4},"end":{"line":134,"column":40}},{"start":{"line":134,"column":44},"end":{"line":134,"column":72}}],"line":134},"23":{"loc":{"start":{"line":139,"column":4},"end":{"line":139,"column":64}},"type":"if","locations":[{"start":{"line":139,"column":4},"end":{"line":139,"column":64}},{"start":{},"end":{}}],"line":139},"24":{"loc":{"start":{"line":140,"column":4},"end":{"line":140,"column":44}},"type":"if","locations":[{"start":{"line":140,"column":4},"end":{"line":140,"column":44}},{"start":{},"end":{}}],"line":140},"25":{"loc":{"start":{"line":146,"column":6},"end":{"line":150,"column":17}},"type":"cond-expr","locations":[{"start":{"line":147,"column":10},"end":{"line":147,"column":20}},{"start":{"line":148,"column":10},"end":{"line":150,"column":17}}],"line":146},"26":{"loc":{"start":{"line":149,"column":19},"end":{"line":149,"column":56}},"type":"binary-expr","locations":[{"start":{"line":149,"column":19},"end":{"line":149,"column":49}},{"start":{"line":149,"column":53},"end":{"line":149,"column":56}}],"line":149},"27":{"loc":{"start":{"line":152,"column":4},"end":{"line":152,"column":48}},"type":"if","locations":[{"start":{"line":152,"column":4},"end":{"line":152,"column":48}},{"start":{},"end":{}}],"line":152},"28":{"loc":{"start":{"line":157,"column":4},"end":{"line":157,"column":23}},"type":"if","locations":[{"start":{"line":157,"column":4},"end":{"line":157,"column":23}},{"start":{},"end":{}}],"line":157},"29":{"loc":{"start":{"line":170,"column":2},"end":{"line":170,"column":21}},"type":"if","locations":[{"start":{"line":170,"column":2},"end":{"line":170,"column":21}},{"start":{},"end":{}}],"line":170},"30":{"loc":{"start":{"line":171,"column":2},"end":{"line":172,"column":71}},"type":"if","locations":[{"start":{"line":171,"column":2},"end":{"line":172,"column":71}},{"start":{},"end":{}}],"line":171},"31":{"loc":{"start":{"line":174,"column":2},"end":{"line":185,"column":6}},"type":"if","locations":[{"start":{"line":174,"column":2},"end":{"line":185,"column":6}},{"start":{},"end":{}}],"line":174},"32":{"loc":{"start":{"line":175,"column":4},"end":{"line":180,"column":5}},"type":"binary-expr","locations":[{"start":{"line":175,"column":4},"end":{"line":175,"column":43}},{"start":{"line":176,"column":4},"end":{"line":180,"column":5}}],"line":175},"33":{"loc":{"start":{"line":175,"column":6},"end":{"line":175,"column":42}},"type":"binary-expr","locations":[{"start":{"line":175,"column":6},"end":{"line":175,"column":14}},{"start":{"line":175,"column":18},"end":{"line":175,"column":27}},{"start":{"line":175,"column":31},"end":{"line":175,"column":42}}],"line":175},"34":{"loc":{"start":{"line":177,"column":6},"end":{"line":179,"column":39}},"type":"binary-expr","locations":[{"start":{"line":177,"column":6},"end":{"line":177,"column":34}},{"start":{"line":178,"column":6},"end":{"line":178,"column":37}},{"start":{"line":179,"column":6},"end":{"line":179,"column":39}}],"line":177}},"s":{"0":35,"1":2,"2":174,"3":151,"4":216,"5":302,"6":312,"7":127,"8":77,"9":51,"10":26,"11":26,"12":26,"13":33,"14":0,"15":35,"16":37,"17":35,"18":49,"19":24,"20":25,"21":50,"22":25,"23":25,"24":25,"25":35,"26":27,"27":19,"28":8,"29":8,"30":32,"31":0,"32":32,"33":9,"34":23,"35":23,"36":23,"37":23,"38":23,"39":23,"40":1,"41":22,"42":128,"43":128,"44":128,"45":23,"46":1,"47":0,"48":0,"49":32,"50":32,"51":23,"52":23,"53":35,"54":49,"55":8,"56":41,"57":17,"58":41,"59":35,"60":26,"61":25,"62":35,"63":1,"64":41,"65":41,"66":3,"67":38,"68":17,"69":38,"70":41,"71":97,"72":41,"73":9,"74":41,"75":38,"76":5,"77":33,"78":33,"79":33,"80":17,"81":17,"82":2,"83":41,"84":5,"85":36,"86":1,"87":35,"88":35,"89":2,"90":33,"91":2,"92":3,"93":3,"94":2},"f":{"0":35,"1":2,"2":174,"3":151,"4":216,"5":302,"6":312,"7":127,"8":77,"9":33,"10":0,"11":37,"12":49,"13":50,"14":27,"15":32,"16":23,"17":128,"18":23,"19":0,"20":0,"21":32,"22":23,"23":49,"24":26,"25":1,"26":41,"27":41,"28":97,"29":38,"30":17,"31":41,"32":3},"b":{"0":[0,151],"1":[302,175],"2":[312,197],"3":[51,26],"4":[37,0],"5":[24,25],"6":[26,24],"7":[19,8],"8":[0,8],"9":[0,32],"10":[9,23],"11":[32,10],"12":[23,0],"13":[1,22],"14":[1,22],"15":[23,23,1],"16":[23],"17":[49],"18":[8,41],"19":[17,24],"20":[25,1],"21":[26,26],"22":[1,1],"23":[3,38],"24":[17,21],"25":[14,27],"26":[97,18],"27":[9,32],"28":[5,33],"29":[5,36],"30":[1,35],"31":[2,33],"32":[35,34],"33":[35,35,34],"34":[34,34,33]},"_coverageSchema":"1a1c01bbd47fc00a2c39e90264f33305004495a9","hash":"b90fe124728f02c6a2157cb8d407a20ce9e9f484"}
,"/home/raimundo/Documents/thesis/edition/ldod-mfes/shell/shared/router/src/NavTo.js": {"path":"/home/raimundo/Documents/thesis/edition/ldod-mfes/shell/shared/router/src/NavTo.js","statementMap":{"0":{"start":{"line":3,"column":17},"end":{"line":3,"column":40}},"1":{"start":{"line":4,"column":4},"end":{"line":4,"column":65}},"2":{"start":{"line":5,"column":4},"end":{"line":5,"column":18}},"3":{"start":{"line":9,"column":4},"end":{"line":9,"column":49}},"4":{"start":{"line":13,"column":4},"end":{"line":13,"column":23}},"5":{"start":{"line":14,"column":4},"end":{"line":14,"column":24}},"6":{"start":{"line":18,"column":4},"end":{"line":18,"column":25}},"7":{"start":{"line":18,"column":18},"end":{"line":18,"column":25}},"8":{"start":{"line":19,"column":4},"end":{"line":25,"column":6}},"9":{"start":{"line":29,"column":0},"end":{"line":29,"column":57}}},"fnMap":{"0":{"name":"(anonymous_0)","decl":{"start":{"line":2,"column":2},"end":{"line":2,"column":3}},"loc":{"start":{"line":2,"column":11},"end":{"line":6,"column":3}},"line":2},"1":{"name":"(anonymous_1)","decl":{"start":{"line":8,"column":2},"end":{"line":8,"column":3}},"loc":{"start":{"line":8,"column":22},"end":{"line":10,"column":3}},"line":8},"2":{"name":"(anonymous_2)","decl":{"start":{"line":12,"column":2},"end":{"line":12,"column":3}},"loc":{"start":{"line":12,"column":13},"end":{"line":15,"column":3}},"line":12},"3":{"name":"(anonymous_3)","decl":{"start":{"line":17,"column":2},"end":{"line":17,"column":3}},"loc":{"start":{"line":17,"column":17},"end":{"line":26,"column":3}},"line":17}},"branchMap":{"0":{"loc":{"start":{"line":4,"column":13},"end":{"line":4,"column":64}},"type":"cond-expr","locations":[{"start":{"line":4,"column":42},"end":{"line":4,"column":55}},{"start":{"line":4,"column":58},"end":{"line":4,"column":64}}],"line":4},"1":{"loc":{"start":{"line":18,"column":4},"end":{"line":18,"column":25}},"type":"if","locations":[{"start":{"line":18,"column":4},"end":{"line":18,"column":25}},{"start":{},"end":{}}],"line":18}},"s":{"0":9,"1":9,"2":9,"3":4,"4":7,"5":7,"6":7,"7":5,"8":2,"9":1},"f":{"0":9,"1":4,"2":7,"3":7},"b":{"0":[8,1],"1":[5,2]},"_coverageSchema":"1a1c01bbd47fc00a2c39e90264f33305004495a9","hash":"93288bd8b9b39b1ec3c9166f70e201675e700511"}
,"/home/raimundo/Documents/thesis/edition/ldod-mfes/shell/shared/router/src/utils.js": {"path":"/home/raimundo/Documents/thesis/edition/ldod-mfes/shell/shared/router/src/utils.js","statementMap":{"0":{"start":{"line":1,"column":26},"end":{"line":1,"column":36}},"1":{"start":{"line":2,"column":23},"end":{"line":2,"column":45}},"2":{"start":{"line":2,"column":33},"end":{"line":2,"column":45}},"3":{"start":{"line":4,"column":26},"end":{"line":4,"column":68}},"4":{"start":{"line":4,"column":36},"end":{"line":4,"column":68}},"5":{"start":{"line":6,"column":29},"end":{"line":9,"column":1}},"6":{"start":{"line":7,"column":2},"end":{"line":7,"column":36}},"7":{"start":{"line":7,"column":29},"end":{"line":7,"column":36}},"8":{"start":{"line":8,"column":2},"end":{"line":8,"column":50}},"9":{"start":{"line":11,"column":27},"end":{"line":14,"column":1}},"10":{"start":{"line":12,"column":2},"end":{"line":12,"column":36}},"11":{"start":{"line":12,"column":29},"end":{"line":12,"column":36}},"12":{"start":{"line":13,"column":2},"end":{"line":13,"column":48}},"13":{"start":{"line":16,"column":30},"end":{"line":21,"column":1}},"14":{"start":{"line":17,"column":2},"end":{"line":17,"column":36}},"15":{"start":{"line":17,"column":29},"end":{"line":17,"column":36}},"16":{"start":{"line":18,"column":2},"end":{"line":20,"column":41}},"17":{"start":{"line":23,"column":32},"end":{"line":26,"column":1}},"18":{"start":{"line":24,"column":2},"end":{"line":24,"column":36}},"19":{"start":{"line":24,"column":29},"end":{"line":24,"column":36}},"20":{"start":{"line":25,"column":2},"end":{"line":25,"column":75}},"21":{"start":{"line":28,"column":29},"end":{"line":28,"column":77}},"22":{"start":{"line":28,"column":39},"end":{"line":28,"column":77}}},"fnMap":{"0":{"name":"(anonymous_0)","decl":{"start":{"line":2,"column":23},"end":{"line":2,"column":24}},"loc":{"start":{"line":2,"column":33},"end":{"line":2,"column":45}},"line":2},"1":{"name":"(anonymous_1)","decl":{"start":{"line":4,"column":26},"end":{"line":4,"column":27}},"loc":{"start":{"line":4,"column":36},"end":{"line":4,"column":68}},"line":4},"2":{"name":"(anonymous_2)","decl":{"start":{"line":6,"column":29},"end":{"line":6,"column":30}},"loc":{"start":{"line":6,"column":39},"end":{"line":9,"column":1}},"line":6},"3":{"name":"(anonymous_3)","decl":{"start":{"line":11,"column":27},"end":{"line":11,"column":28}},"loc":{"start":{"line":11,"column":37},"end":{"line":14,"column":1}},"line":11},"4":{"name":"(anonymous_4)","decl":{"start":{"line":16,"column":30},"end":{"line":16,"column":31}},"loc":{"start":{"line":16,"column":40},"end":{"line":21,"column":1}},"line":16},"5":{"name":"(anonymous_5)","decl":{"start":{"line":23,"column":32},"end":{"line":23,"column":33}},"loc":{"start":{"line":23,"column":42},"end":{"line":26,"column":1}},"line":23},"6":{"name":"(anonymous_6)","decl":{"start":{"line":28,"column":29},"end":{"line":28,"column":30}},"loc":{"start":{"line":28,"column":39},"end":{"line":28,"column":77}},"line":28}},"branchMap":{"0":{"loc":{"start":{"line":7,"column":2},"end":{"line":7,"column":36}},"type":"if","locations":[{"start":{"line":7,"column":2},"end":{"line":7,"column":36}},{"start":{},"end":{}}],"line":7},"1":{"loc":{"start":{"line":7,"column":6},"end":{"line":7,"column":27}},"type":"binary-expr","locations":[{"start":{"line":7,"column":6},"end":{"line":7,"column":11}},{"start":{"line":7,"column":15},"end":{"line":7,"column":27}}],"line":7},"2":{"loc":{"start":{"line":8,"column":9},"end":{"line":8,"column":49}},"type":"cond-expr","locations":[{"start":{"line":8,"column":32},"end":{"line":8,"column":36}},{"start":{"line":8,"column":39},"end":{"line":8,"column":49}}],"line":8},"3":{"loc":{"start":{"line":12,"column":2},"end":{"line":12,"column":36}},"type":"if","locations":[{"start":{"line":12,"column":2},"end":{"line":12,"column":36}},{"start":{},"end":{}}],"line":12},"4":{"loc":{"start":{"line":12,"column":6},"end":{"line":12,"column":27}},"type":"binary-expr","locations":[{"start":{"line":12,"column":6},"end":{"line":12,"column":11}},{"start":{"line":12,"column":15},"end":{"line":12,"column":27}}],"line":12},"5":{"loc":{"start":{"line":13,"column":9},"end":{"line":13,"column":47}},"type":"cond-expr","locations":[{"start":{"line":13,"column":30},"end":{"line":13,"column":34}},{"start":{"line":13,"column":37},"end":{"line":13,"column":47}}],"line":13},"6":{"loc":{"start":{"line":17,"column":2},"end":{"line":17,"column":36}},"type":"if","locations":[{"start":{"line":17,"column":2},"end":{"line":17,"column":36}},{"start":{},"end":{}}],"line":17},"7":{"loc":{"start":{"line":17,"column":6},"end":{"line":17,"column":27}},"type":"binary-expr","locations":[{"start":{"line":17,"column":6},"end":{"line":17,"column":11}},{"start":{"line":17,"column":15},"end":{"line":17,"column":27}}],"line":17},"8":{"loc":{"start":{"line":18,"column":9},"end":{"line":20,"column":40}},"type":"cond-expr","locations":[{"start":{"line":19,"column":6},"end":{"line":19,"column":10}},{"start":{"line":20,"column":6},"end":{"line":20,"column":40}}],"line":18},"9":{"loc":{"start":{"line":18,"column":9},"end":{"line":18,"column":45}},"type":"binary-expr","locations":[{"start":{"line":18,"column":9},"end":{"line":18,"column":22}},{"start":{"line":18,"column":26},"end":{"line":18,"column":45}}],"line":18},"10":{"loc":{"start":{"line":24,"column":2},"end":{"line":24,"column":36}},"type":"if","locations":[{"start":{"line":24,"column":2},"end":{"line":24,"column":36}},{"start":{},"end":{}}],"line":24},"11":{"loc":{"start":{"line":24,"column":6},"end":{"line":24,"column":27}},"type":"binary-expr","locations":[{"start":{"line":24,"column":6},"end":{"line":24,"column":11}},{"start":{"line":24,"column":15},"end":{"line":24,"column":27}}],"line":24},"12":{"loc":{"start":{"line":25,"column":9},"end":{"line":25,"column":74}},"type":"cond-expr","locations":[{"start":{"line":25,"column":50},"end":{"line":25,"column":54}},{"start":{"line":25,"column":57},"end":{"line":25,"column":74}}],"line":25},"13":{"loc":{"start":{"line":25,"column":9},"end":{"line":25,"column":47}},"type":"binary-expr","locations":[{"start":{"line":25,"column":9},"end":{"line":25,"column":22}},{"start":{"line":25,"column":26},"end":{"line":25,"column":47}}],"line":25}},"s":{"0":3,"1":3,"2":839,"3":3,"4":8,"5":3,"6":632,"7":382,"8":250,"9":3,"10":39,"11":10,"12":29,"13":3,"14":1164,"15":382,"16":782,"17":3,"18":17,"19":10,"20":7,"21":3,"22":9},"f":{"0":839,"1":8,"2":632,"3":39,"4":1164,"5":17,"6":9},"b":{"0":[382,250],"1":[632,251],"2":[245,5],"3":[10,29],"4":[39,31],"5":[4,25],"6":[382,782],"7":[1164,784],"8":[768,14],"9":[782,632],"10":[10,7],"11":[17,8],"12":[5,2],"13":[7,5]},"_coverageSchema":"1a1c01bbd47fc00a2c39e90264f33305004495a9","hash":"23972227191988af1b7afc36850443e9227a4785"}
}
