TN:
SF:src/LdodRouter.js
FN:9,(anonymous_0)
FN:13,(anonymous_1)
FN:17,(anonymous_2)
FN:21,(anonymous_3)
FN:25,(anonymous_4)
FN:29,(anonymous_5)
FN:33,(anonymous_6)
FN:37,(anonymous_7)
FN:41,(anonymous_8)
FN:49,(anonymous_9)
FN:53,(anonymous_10)
FN:57,(anonymous_11)
FN:60,(anonymous_12)
FN:62,(anonymous_13)
FN:73,(anonymous_14)
FN:79,(anonymous_15)
FN:90,(anonymous_16)
FN:92,(anonymous_17)
FN:101,(anonymous_18)
FN:106,(anonymous_19)
FN:109,(anonymous_20)
FN:112,(anonymous_21)
FN:117,(anonymous_22)
FN:122,(anonymous_23)
FN:128,(anonymous_24)
FN:133,(anonymous_25)
FN:137,(anonymous_26)
FN:144,(anonymous_27)
FN:148,(anonymous_28)
FN:156,(anonymous_29)
FN:163,(anonymous_30)
FN:169,(anonymous_31)
FN:189,(anonymous_32)
FNF:33
FNH:30
FNDA:35,(anonymous_0)
FNDA:2,(anonymous_1)
FNDA:174,(anonymous_2)
FNDA:151,(anonymous_3)
FNDA:216,(anonymous_4)
FNDA:302,(anonymous_5)
FNDA:312,(anonymous_6)
FNDA:127,(anonymous_7)
FNDA:77,(anonymous_8)
FNDA:33,(anonymous_9)
FNDA:0,(anonymous_10)
FNDA:37,(anonymous_11)
FNDA:49,(anonymous_12)
FNDA:50,(anonymous_13)
FNDA:27,(anonymous_14)
FNDA:32,(anonymous_15)
FNDA:23,(anonymous_16)
FNDA:128,(anonymous_17)
FNDA:23,(anonymous_18)
FNDA:0,(anonymous_19)
FNDA:0,(anonymous_20)
FNDA:32,(anonymous_21)
FNDA:23,(anonymous_22)
FNDA:49,(anonymous_23)
FNDA:26,(anonymous_24)
FNDA:1,(anonymous_25)
FNDA:41,(anonymous_26)
FNDA:41,(anonymous_27)
FNDA:97,(anonymous_28)
FNDA:38,(anonymous_29)
FNDA:17,(anonymous_30)
FNDA:41,(anonymous_31)
FNDA:3,(anonymous_32)
DA:10,35
DA:14,2
DA:18,174
DA:22,151
DA:26,216
DA:30,302
DA:34,312
DA:38,127
DA:42,77
DA:43,51
DA:44,26
DA:45,26
DA:46,26
DA:50,33
DA:54,0
DA:57,35
DA:58,37
DA:60,35
DA:61,49
DA:62,25
DA:63,50
DA:68,25
DA:69,25
DA:70,25
DA:73,35
DA:74,27
DA:75,8
DA:76,8
DA:80,32
DA:81,32
DA:83,23
DA:84,23
DA:85,23
DA:86,23
DA:87,23
DA:91,23
DA:92,22
DA:93,128
DA:96,128
DA:97,128
DA:102,23
DA:103,1
DA:107,0
DA:109,0
DA:113,32
DA:114,32
DA:118,23
DA:119,23
DA:122,35
DA:123,49
DA:124,41
DA:125,41
DA:128,35
DA:129,26
DA:130,25
DA:133,35
DA:134,1
DA:138,41
DA:139,41
DA:140,38
DA:141,38
DA:146,41
DA:149,97
DA:152,41
DA:153,41
DA:157,38
DA:158,33
DA:159,33
DA:160,33
DA:164,17
DA:165,17
DA:169,2
DA:170,41
DA:171,36
DA:172,1
DA:173,35
DA:174,35
DA:182,2
DA:186,33
DA:189,2
DA:190,3
DA:191,3
DA:194,2
LF:83
LH:80
BRDA:22,0,0,0
BRDA:22,0,1,151
BRDA:30,1,0,302
BRDA:30,1,1,175
BRDA:34,2,0,312
BRDA:34,2,1,197
BRDA:42,3,0,51
BRDA:42,3,1,26
BRDA:58,4,0,37
BRDA:58,4,1,0
BRDA:61,5,0,24
BRDA:61,5,1,25
BRDA:63,6,0,26
BRDA:63,6,1,24
BRDA:74,7,0,19
BRDA:74,7,1,8
BRDA:75,8,0,0
BRDA:75,8,1,8
BRDA:80,9,0,0
BRDA:80,9,1,32
BRDA:81,10,0,9
BRDA:81,10,1,23
BRDA:81,11,0,32
BRDA:81,11,1,10
BRDA:83,12,0,23
BRDA:83,12,1,0
BRDA:91,13,0,1
BRDA:91,13,1,22
BRDA:102,14,0,1
BRDA:102,14,1,22
BRDA:102,15,0,23
BRDA:102,15,1,23
BRDA:102,15,2,1
BRDA:122,16,0,23
BRDA:122,17,0,49
BRDA:123,18,0,8
BRDA:123,18,1,41
BRDA:124,19,0,17
BRDA:124,19,1,24
BRDA:129,20,0,25
BRDA:129,20,1,1
BRDA:129,21,0,26
BRDA:129,21,1,26
BRDA:134,22,0,1
BRDA:134,22,1,1
BRDA:139,23,0,3
BRDA:139,23,1,38
BRDA:140,24,0,17
BRDA:140,24,1,21
BRDA:146,25,0,14
BRDA:146,25,1,27
BRDA:149,26,0,97
BRDA:149,26,1,18
BRDA:152,27,0,9
BRDA:152,27,1,32
BRDA:157,28,0,5
BRDA:157,28,1,33
BRDA:170,29,0,5
BRDA:170,29,1,36
BRDA:171,30,0,1
BRDA:171,30,1,35
BRDA:174,31,0,2
BRDA:174,31,1,33
BRDA:175,32,0,35
BRDA:175,32,1,34
BRDA:175,33,0,35
BRDA:175,33,1,35
BRDA:175,33,2,34
BRDA:177,34,0,34
BRDA:177,34,1,34
BRDA:177,34,2,33
BRF:71
BRH:66
end_of_record
TN:
SF:src/NavTo.js
FN:2,(anonymous_0)
FN:8,(anonymous_1)
FN:12,(anonymous_2)
FN:17,(anonymous_3)
FNF:4
FNH:4
FNDA:9,(anonymous_0)
FNDA:4,(anonymous_1)
FNDA:7,(anonymous_2)
FNDA:7,(anonymous_3)
DA:3,9
DA:4,9
DA:5,9
DA:9,4
DA:13,7
DA:14,7
DA:18,7
DA:19,2
DA:29,1
LF:9
LH:9
BRDA:4,0,0,8
BRDA:4,0,1,1
BRDA:18,1,0,5
BRDA:18,1,1,2
BRF:4
BRH:4
end_of_record
TN:
SF:src/utils.js
FN:2,(anonymous_0)
FN:4,(anonymous_1)
FN:6,(anonymous_2)
FN:11,(anonymous_3)
FN:16,(anonymous_4)
FN:23,(anonymous_5)
FN:28,(anonymous_6)
FNF:7
FNH:7
FNDA:839,(anonymous_0)
FNDA:8,(anonymous_1)
FNDA:632,(anonymous_2)
FNDA:39,(anonymous_3)
FNDA:1164,(anonymous_4)
FNDA:17,(anonymous_5)
FNDA:9,(anonymous_6)
DA:1,3
DA:2,839
DA:4,8
DA:6,3
DA:7,632
DA:8,250
DA:11,3
DA:12,39
DA:13,29
DA:16,3
DA:17,1164
DA:18,782
DA:23,3
DA:24,17
DA:25,7
DA:28,9
LF:16
LH:16
BRDA:7,0,0,382
BRDA:7,0,1,250
BRDA:7,1,0,632
BRDA:7,1,1,251
BRDA:8,2,0,245
BRDA:8,2,1,5
BRDA:12,3,0,10
BRDA:12,3,1,29
BRDA:12,4,0,39
BRDA:12,4,1,31
BRDA:13,5,0,4
BRDA:13,5,1,25
BRDA:17,6,0,382
BRDA:17,6,1,782
BRDA:17,7,0,1164
BRDA:17,7,1,784
BRDA:18,8,0,768
BRDA:18,8,1,14
BRDA:18,9,0,782
BRDA:18,9,1,632
BRDA:24,10,0,10
BRDA:24,10,1,7
BRDA:24,11,0,17
BRDA:24,11,1,8
BRDA:25,12,0,5
BRDA:25,12,1,2
BRDA:25,13,0,7
BRDA:25,13,1,5
BRF:28
BRH:28
end_of_record
